#
# There is insufficient memory for the Java Runtime Environment to continue.
# Native memory allocation (malloc) failed to allocate 1199536 bytes for Chunk::new
# Possible reasons:
#   The system is out of physical RAM or swap space
#   The process is running with CompressedOops enabled, and the Java Heap may be blocking the growth of the native heap
# Possible solutions:
#   Reduce memory load on the system
#   Increase physical memory or swap space
#   Check if swap backing store is full
#   Decrease Java heap size (-Xmx/-Xms)
#   Decrease number of Java threads
#   Decrease Java thread stack sizes (-Xss)
#   Set larger code cache with -XX:ReservedCodeCacheSize=
#   JVM is running with Unscaled Compressed Oops mode in which the Java heap is
#     placed in the first 4GB address space. The Java Heap base address is the
#     maximum limit for the native heap growth. Please use -XX:HeapBaseMinAddress
#     to set the Java Heap base and to place the Java Heap above 4GB virtual address.
# This output file may be truncated or incomplete.
#
#  Out of Memory Error (allocation.cpp:389), pid=21848, tid=0x0000000000004ea0
#
# JRE version: Java(TM) SE Runtime Environment (8.0_211-b12) (build 1.8.0_211-b12)
# Java VM: Java HotSpot(TM) 64-Bit Server VM (25.211-b12 mixed mode windows-amd64 compressed oops)
# Failed to write core dump. Minidumps are not enabled by default on client versions of Windows
#

---------------  T H R E A D  ---------------

Current thread (0x0000000018bd2000):  JavaThread "C2 CompilerThread0" daemon [_thread_in_native, id=20128, stack(0x0000000019340000,0x0000000019440000)]

Stack: [0x0000000019340000,0x0000000019440000]
[error occurred during error reporting (printing stack bounds), id 0xc0000005]

Native frames: (J=compiled Java code, j=interpreted, Vv=VM code, C=native code)


Current CompileTask:
C2:1808557 20911       4       com.android.tools.r8.dex.c::a (492 bytes)


---------------  P R O C E S S  ---------------

Java Threads: ( => current thread )
  0x0000000021e7d000 JavaThread "ForkJoinPool-9-worker-0" daemon [_thread_blocked, id=15768, stack(0x000000002b3f0000,0x000000002b4f0000)]
  0x0000000021e7a800 JavaThread "ForkJoinPool-9-worker-7" daemon [_thread_blocked, id=5920, stack(0x000000002b2f0000,0x000000002b3f0000)]
  0x0000000021e7c000 JavaThread "ForkJoinPool-9-worker-6" daemon [_thread_blocked, id=9088, stack(0x000000002b1f0000,0x000000002b2f0000)]
  0x0000000021e7b800 JavaThread "ForkJoinPool-9-worker-5" daemon [_thread_in_Java, id=8696, stack(0x000000002b0f0000,0x000000002b1f0000)]
  0x000000001a0f7800 JavaThread "ForkJoinPool-9-worker-4" daemon [_thread_blocked, id=18980, stack(0x000000002aff0000,0x000000002b0f0000)]
  0x000000001e13a000 JavaThread "ForkJoinPool-9-worker-3" daemon [_thread_blocked, id=2716, stack(0x000000002aef0000,0x000000002aff0000)]
  0x000000001e139000 JavaThread "ForkJoinPool-9-worker-2" daemon [_thread_blocked, id=20632, stack(0x000000002adf0000,0x000000002aef0000)]
  0x000000001e138800 JavaThread "ForkJoinPool-9-worker-1" daemon [_thread_blocked, id=17456, stack(0x000000002acf0000,0x000000002adf0000)]
  0x000000001e12f800 JavaThread "WorkerExecutor Queue Thread 9" [_thread_blocked, id=9488, stack(0x000000002a460000,0x000000002a560000)]
  0x000000001e136000 JavaThread "ForkJoinPool.commonPool-worker-7" daemon [_thread_blocked, id=18312, stack(0x0000000029d60000,0x0000000029e60000)]
  0x000000001e134800 JavaThread "ForkJoinPool.commonPool-worker-4" daemon [_thread_blocked, id=21164, stack(0x0000000029b60000,0x0000000029c60000)]
  0x000000001e12d000 JavaThread "ForkJoinPool.commonPool-worker-5" daemon [_thread_blocked, id=2440, stack(0x0000000029a60000,0x0000000029b60000)]
  0x000000001e12e000 JavaThread "ForkJoinPool.commonPool-worker-3" daemon [_thread_blocked, id=3476, stack(0x0000000029960000,0x0000000029a60000)]
  0x000000001e12c800 JavaThread "ForkJoinPool.commonPool-worker-2" daemon [_thread_blocked, id=13244, stack(0x0000000029860000,0x0000000029960000)]
  0x000000001e12b800 JavaThread "ForkJoinPool.commonPool-worker-1" daemon [_thread_blocked, id=8724, stack(0x0000000029760000,0x0000000029860000)]
  0x000000001e12e800 JavaThread "stdout" [_thread_in_native, id=15188, stack(0x0000000029660000,0x0000000029760000)]
  0x000000001e12b000 JavaThread "stderr" [_thread_in_native, id=100, stack(0x0000000028f60000,0x0000000029060000)]
  0x000000001e131800 JavaThread "stdout" [_thread_in_native, id=7544, stack(0x0000000027a60000,0x0000000027b60000)]
  0x000000001a032000 JavaThread "stderr" [_thread_in_native, id=6576, stack(0x0000000027960000,0x0000000027a60000)]
  0x000000001a031000 JavaThread "stdout" [_thread_in_native, id=19248, stack(0x0000000027860000,0x0000000027960000)]
  0x000000001a030000 JavaThread "stderr" [_thread_in_native, id=13716, stack(0x0000000027760000,0x0000000027860000)]
  0x000000001a02e000 JavaThread "stdout" [_thread_in_native, id=19156, stack(0x0000000027660000,0x0000000027760000)]
  0x000000001a028800 JavaThread "stderr" [_thread_in_native, id=22176, stack(0x0000000027560000,0x0000000027660000)]
  0x000000001a02d000 JavaThread "stdout" [_thread_in_native, id=16284, stack(0x0000000027460000,0x0000000027560000)]
  0x000000001a02a000 JavaThread "stderr" [_thread_in_native, id=3224, stack(0x0000000027360000,0x0000000027460000)]
  0x000000001a02f800 JavaThread "stdout" [_thread_in_native, id=22992, stack(0x0000000027260000,0x0000000027360000)]
  0x000000001a02e800 JavaThread "stderr" [_thread_in_native, id=8676, stack(0x0000000027160000,0x0000000027260000)]
  0x000000001a025800 JavaThread "stdout" [_thread_in_native, id=18636, stack(0x0000000026f40000,0x0000000027040000)]
  0x000000001a02c800 JavaThread "stderr" [_thread_in_native, id=20856, stack(0x0000000026e40000,0x0000000026f40000)]
  0x000000001a028000 JavaThread "stdout" [_thread_in_native, id=9120, stack(0x0000000026d40000,0x0000000026e40000)]
  0x000000001a024000 JavaThread "stderr" [_thread_in_native, id=11596, stack(0x0000000026c40000,0x0000000026d40000)]
  0x000000001a022800 JavaThread "pool-10-thread-1" [_thread_blocked, id=8452, stack(0x0000000027060000,0x0000000027160000)]
  0x0000000020914000 JavaThread "WorkerExecutor Queue Thread 8" [_thread_blocked, id=15608, stack(0x0000000026b40000,0x0000000026c40000)]
  0x0000000020912800 JavaThread "WorkerExecutor Queue Thread 6" [_thread_blocked, id=9856, stack(0x0000000026560000,0x0000000026660000)]
  0x0000000020910000 JavaThread "WorkerExecutor Queue Thread 5" [_thread_blocked, id=18184, stack(0x0000000026460000,0x0000000026560000)]
  0x000000002090f800 JavaThread "WorkerExecutor Queue Thread 4" [_thread_blocked, id=11500, stack(0x0000000026360000,0x0000000026460000)]
  0x000000002090e800 JavaThread "WorkerExecutor Queue Thread 3" [_thread_blocked, id=8436, stack(0x0000000025db0000,0x0000000025eb0000)]
  0x0000000020913000 JavaThread "WorkerExecutor Queue Thread 2" [_thread_in_native, id=19572, stack(0x0000000025ab0000,0x0000000025bb0000)]
  0x0000000020908000 JavaThread "WorkerExecutor Queue" [_thread_blocked, id=10304, stack(0x00000000259b0000,0x0000000025ab0000)]
  0x000000002090e000 JavaThread "Cache worker for execution history cache (D:\teamproject\Subway5\.gradle\5.4.1\executionHistory)" [_thread_in_Java, id=20248, stack(0x00000000258b0000,0x00000000259b0000)]
  0x0000000020906800 JavaThread "Execution worker for ':' Thread 7" [_thread_blocked, id=7588, stack(0x00000000257b0000,0x00000000258b0000)]
  0x000000002090d000 JavaThread "Execution worker for ':' Thread 6" [_thread_blocked, id=19736, stack(0x00000000256b0000,0x00000000257b0000)]
  0x000000002090c800 JavaThread "Execution worker for ':' Thread 5" [_thread_blocked, id=9700, stack(0x00000000255b0000,0x00000000256b0000)]
  0x000000002090b000 JavaThread "Execution worker for ':' Thread 4" [_thread_blocked, id=14540, stack(0x00000000252b0000,0x00000000253b0000)]
  0x0000000020905800 JavaThread "Execution worker for ':' Thread 3" [_thread_blocked, id=16028, stack(0x00000000250b0000,0x00000000251b0000)]
  0x0000000020909800 JavaThread "Execution worker for ':' Thread 2" [_thread_blocked, id=19796, stack(0x0000000024db0000,0x0000000024eb0000)]
  0x0000000020907000 JavaThread "Execution worker for ':'" [_thread_blocked, id=16688, stack(0x0000000024930000,0x0000000024a30000)]
  0x000000001e006000 JavaThread "Cache worker for file content cache (D:\teamproject\Subway5\.gradle\5.4.1\fileContent)" [_thread_blocked, id=7452, stack(0x0000000024560000,0x0000000024660000)]
  0x000000001e00f000 JavaThread "Cache worker for Build Output Cleanup Cache (D:\teamproject\Subway5\.gradle\buildOutputCleanup)" [_thread_blocked, id=12464, stack(0x00000000232d0000,0x00000000233d0000)]
  0x000000001e00e000 JavaThread "Build operations Thread 8" [_thread_blocked, id=10924, stack(0x00000000231d0000,0x00000000232d0000)]
  0x000000001e011000 JavaThread "Build operations Thread 7" [_thread_blocked, id=14400, stack(0x00000000230d0000,0x00000000231d0000)]
  0x000000001e010800 JavaThread "Build operations Thread 6" [_thread_blocked, id=21636, stack(0x0000000022fd0000,0x00000000230d0000)]
  0x000000001e00d800 JavaThread "Build operations Thread 5" [_thread_blocked, id=3944, stack(0x0000000022ed0000,0x0000000022fd0000)]
  0x000000001e00c800 JavaThread "Build operations Thread 4" [_thread_blocked, id=2436, stack(0x0000000022dd0000,0x0000000022ed0000)]
  0x000000001e013800 JavaThread "Build operations Thread 3" [_thread_blocked, id=3048, stack(0x0000000022cd0000,0x0000000022dd0000)]
  0x000000001e012800 JavaThread "Build operations Thread 2" [_thread_blocked, id=10040, stack(0x0000000022bd0000,0x0000000022cd0000)]
  0x000000001e012000 JavaThread "Build operations" [_thread_blocked, id=12960, stack(0x0000000022870000,0x0000000022970000)]
  0x000000001e005000 JavaThread "Cache worker for cache directory md-rule (C:\Users\tjdrm\.gradle\caches\5.4.1\md-rule)" [_thread_blocked, id=16968, stack(0x0000000020040000,0x0000000020140000)]
  0x000000001e00c000 JavaThread "Cache worker for cache directory md-supplier (C:\Users\tjdrm\.gradle\caches\5.4.1\md-supplier)" [_thread_blocked, id=19300, stack(0x000000001fa60000,0x000000001fb60000)]
  0x000000001e004800 JavaThread "Cache worker for file hash cache (D:\teamproject\Subway5\.gradle\5.4.1\fileHashes)" [_thread_blocked, id=20356, stack(0x000000001f960000,0x000000001fa60000)]
  0x000000001e00a800 JavaThread "Thread-142" [_thread_blocked, id=21668, stack(0x000000001bff0000,0x000000001c0f0000)]
  0x000000001e009800 JavaThread "Stdin handler" [_thread_blocked, id=17932, stack(0x000000001bbf0000,0x000000001bcf0000)]
  0x000000001e009000 JavaThread "Asynchronous log dispatcher for DefaultDaemonConnection: socket connection from /127.0.0.1:64772 to /127.0.0.1:65260" [_thread_blocked, id=16012, stack(0x000000001baf0000,0x000000001bbf0000)]
  0x000000001e008000 JavaThread "Cancel handler" [_thread_blocked, id=21864, stack(0x000000001b6f0000,0x000000001b7f0000)]
  0x000000001e007800 JavaThread "Handler for socket connection from /127.0.0.1:64772 to /127.0.0.1:65260" [_thread_in_native, id=4260, stack(0x0000000000fd0000,0x00000000010d0000)]
  0x000000002090a000 JavaThread "Daemon worker Thread 3" [_thread_blocked, id=21584, stack(0x000000001b7f0000,0x000000001b8f0000)]
  0x000000001a0f6000 JavaThread "Daemon Thread 3" [_thread_blocked, id=10048, stack(0x0000000000ed0000,0x0000000000fd0000)]
  0x0000000020914800 JavaThread "Cache worker for Java compile cache (C:\Users\tjdrm\.gradle\caches\5.4.1\javaCompile)" [_thread_blocked, id=6636, stack(0x0000000027c40000,0x0000000027d40000)]
  0x000000002090b800 JavaThread "Java2D Disposer" daemon [_thread_blocked, id=1244, stack(0x0000000026760000,0x0000000026860000)]
  0x000000001e131000 JavaThread "Cache worker for file content cache (C:\Users\tjdrm\.gradle\caches\5.4.1\fileContent)" [_thread_blocked, id=13772, stack(0x0000000024a30000,0x0000000024b30000)]
  0x000000001e134000 JavaThread "Memory manager" [_thread_blocked, id=15492, stack(0x00000000233d0000,0x00000000234d0000)]
  0x000000001a0f2800 JavaThread "Cache worker for execution history cache (C:\Users\tjdrm\.gradle\caches\5.4.1\executionHistory)" [_thread_blocked, id=14532, stack(0x0000000022570000,0x0000000022670000)]
  0x000000001a0f1800 JavaThread "Cache worker for journal cache (C:\Users\tjdrm\.gradle\caches\journal-1)" [_thread_blocked, id=14004, stack(0x000000001c4f0000,0x000000001c5f0000)]
  0x000000001a0f5800 JavaThread "File lock request listener" [_thread_in_native, id=9996, stack(0x000000001c1f0000,0x000000001c2f0000)]
  0x000000001a0f3000 JavaThread "Cache worker for file hash cache (C:\Users\tjdrm\.gradle\caches\5.4.1\fileHashes)" [_thread_blocked, id=16108, stack(0x000000001c0f0000,0x000000001c1f0000)]
  0x0000000019b7a800 JavaThread "Daemon periodic checks" [_thread_blocked, id=12684, stack(0x000000001b5f0000,0x000000001b6f0000)]
  0x00000000199af000 JavaThread "Incoming local TCP Connector on port 64772" [_thread_in_native, id=13176, stack(0x000000001b410000,0x000000001b510000)]
  0x000000001ab28000 JavaThread "Daemon health stats" [_thread_blocked, id=10372, stack(0x000000001b110000,0x000000001b210000)]
  0x0000000018c6d800 JavaThread "Service Thread" daemon [_thread_blocked, id=20836, stack(0x0000000019740000,0x0000000019840000)]
  0x0000000018be9000 JavaThread "C1 CompilerThread3" daemon [_thread_blocked, id=15184, stack(0x0000000019640000,0x0000000019740000)]
  0x0000000018be5000 JavaThread "C2 CompilerThread2" daemon [_thread_in_native, id=10608, stack(0x0000000019540000,0x0000000019640000)]
  0x0000000018bd4000 JavaThread "C2 CompilerThread1" daemon [_thread_in_native, id=17340, stack(0x0000000019440000,0x0000000019540000)]
=>0x0000000018bd2000 JavaThread "C2 CompilerThread0" daemon [_thread_in_native, id=20128, stack(0x0000000019340000,0x0000000019440000)]
  0x0000000018bcb800 JavaThread "Attach Listener" daemon [_thread_blocked, id=11172, stack(0x0000000019240000,0x0000000019340000)]
  0x0000000018b78000 JavaThread "Signal Dispatcher" daemon [_thread_blocked, id=1384, stack(0x0000000019140000,0x0000000019240000)]
  0x0000000002fbc800 JavaThread "Finalizer" daemon [_thread_blocked, id=7372, stack(0x0000000019040000,0x0000000019140000)]
  0x0000000018b60800 JavaThread "Reference Handler" daemon [_thread_blocked, id=7540, stack(0x0000000018f40000,0x0000000019040000)]
  0x0000000002ec2800 JavaThread "main" [_thread_blocked, id=18756, stack(0x0000000002dc0000,0x0000000002ec0000)]

Other Threads:
  0x0000000016d7a000 VMThread [stack: 0x0000000018a40000,0x0000000018b40000] [id=13932]
  0x0000000018c98000 WatcherThread [stack: 0x0000000019840000,0x0000000019940000] [id=23280]

VM state:not at safepoint (normal execution)

VM Mutex/Monitor currently owned by a thread:  ([mutex/lock_event])
[0x0000000002ec0450] CompiledIC_lock - owner thread: 0x0000000018be9000

heap address: 0x00000000a0000000, size: 1536 MB, Compressed Oops mode: 32-bit
Narrow klass base: 0x0000000000000000, Narrow klass shift: 3
Compressed class space size: 1073741824 Address: 0x0000000100000000

Heap:
 PSYoungGen      total 364032K, used 232975K [0x00000000e0000000, 0x00000000fa080000, 0x0000000100000000)
  eden space 349696K, 62% used [0x00000000e0000000,0x00000000ed5d97c8,0x00000000f5580000)
  from space 14336K, 97% used [0x00000000f6400000,0x00000000f71aa730,0x00000000f7200000)
  to   space 38400K, 0% used [0x00000000f7b00000,0x00000000f7b00000,0x00000000fa080000)
 ParOldGen       total 115712K, used 70966K [0x00000000a0000000, 0x00000000a7100000, 0x00000000e0000000)
  object space 115712K, 61% used [0x00000000a0000000,0x00000000a454db38,0x00000000a7100000)
 Metaspace       used 91780K, capacity 95980K, committed 96128K, reserved 1132544K
  class space    used 12054K, capacity 12872K, committed 12928K, reserved 1048576K

Card table byte_map: [0x0000000012380000,0x0000000012690000] byte_map_base: 0x0000000011e80000

Marking Bits: (ParMarkBitMap*) 0x000000005ada5ce0
 Begin Bits: [0x0000000013090000, 0x0000000014890000)
 End Bits:   [0x0000000014890000, 0x0000000016090000)

Polling page: 0x00000000009f0000

CodeCache: size=245760Kb used=57237Kb max_used=57533Kb free=188522Kb
 bounds [0x0000000002fc0000, 0x0000000006850000, 0x0000000011fc0000]
 total_blobs=17434 nmethods=16487 adapters=857
 compilation: enabled

Compilation events (10 events):
Event: 1808.540 Thread 0x0000000018bd4000 nmethod 20963 0x0000000003b25ad0 code [0x0000000003b25c20, 0x0000000003b25df8]
Event: 1808.542 Thread 0x0000000018bd4000 20980       4       com.android.tools.r8.graph.DexProgramClass::P (63 bytes)
Event: 1808.547 Thread 0x0000000018be5000 nmethod 20970 0x00000000039fcf50 code [0x00000000039fd0c0, 0x00000000039fd838]
Event: 1808.549 Thread 0x0000000018be5000 20972       4       com.android.tools.r8.dex.c::a (55 bytes)
Event: 1808.550 Thread 0x0000000018be9000 20981       1       java.lang.StackTraceElement::getClassName (5 bytes)
Event: 1808.550 Thread 0x0000000018be9000 nmethod 20981 0x0000000003cd4410 code [0x0000000003cd4560, 0x0000000003cd4670]
Event: 1808.552 Thread 0x0000000018be9000 20982       3       java.io.PrintWriter::println (5 bytes)
Event: 1808.552 Thread 0x0000000018be9000 nmethod 20982 0x0000000003e69f90 code [0x0000000003e6a100, 0x0000000003e6a288]
Event: 1808.554 Thread 0x0000000018be9000 20983   !   3       java.io.PrintWriter::newLine (66 bytes)
Event: 1808.555 Thread 0x0000000018be9000 nmethod 20983 0x00000000038c8c90 code [0x00000000038c8e60, 0x00000000038c95d8]

GC Heap History (10 events):
Event: 434.142 GC heap before
{Heap before GC invocations=20 (full 3):
 PSYoungGen      total 321536K, used 321524K [0x00000000e0000000, 0x00000000f5b80000, 0x0000000100000000)
  eden space 296448K, 100% used [0x00000000e0000000,0x00000000f2180000,0x00000000f2180000)
  from space 25088K, 99% used [0x00000000f4200000,0x00000000f5a7d328,0x00000000f5a80000)
  to   space 29696K, 0% used [0x00000000f2180000,0x00000000f2180000,0x00000000f3e80000)
 ParOldGen       total 115712K, used 43940K [0x00000000a0000000, 0x00000000a7100000, 0x00000000e0000000)
  object space 115712K, 37% used [0x00000000a0000000,0x00000000a2ae92a0,0x00000000a7100000)
 Metaspace       used 85997K, capacity 89500K, committed 89728K, reserved 1126400K
  class space    used 11365K, capacity 12060K, committed 12160K, reserved 1048576K
Event: 434.191 GC heap after
Heap after GC invocations=20 (full 3):
 PSYoungGen      total 326144K, used 29691K [0x00000000e0000000, 0x00000000f9a00000, 0x0000000100000000)
  eden space 296448K, 0% used [0x00000000e0000000,0x00000000e0000000,0x00000000f2180000)
  from space 29696K, 99% used [0x00000000f2180000,0x00000000f3e7edb0,0x00000000f3e80000)
  to   space 39936K, 0% used [0x00000000f7300000,0x00000000f7300000,0x00000000f9a00000)
 ParOldGen       total 115712K, used 58469K [0x00000000a0000000, 0x00000000a7100000, 0x00000000e0000000)
  object space 115712K, 50% used [0x00000000a0000000,0x00000000a3919560,0x00000000a7100000)
 Metaspace       used 85997K, capacity 89500K, committed 89728K, reserved 1126400K
  class space    used 11365K, capacity 12060K, committed 12160K, reserved 1048576K
}
Event: 437.028 GC heap before
{Heap before GC invocations=21 (full 3):
 PSYoungGen      total 326144K, used 325140K [0x00000000e0000000, 0x00000000f9a00000, 0x0000000100000000)
  eden space 296448K, 99% used [0x00000000e0000000,0x00000000f2086448,0x00000000f2180000)
  from space 29696K, 99% used [0x00000000f2180000,0x00000000f3e7edb0,0x00000000f3e80000)
  to   space 39936K, 0% used [0x00000000f7300000,0x00000000f7300000,0x00000000f9a00000)
 ParOldGen       total 115712K, used 58469K [0x00000000a0000000, 0x00000000a7100000, 0x00000000e0000000)
  object space 115712K, 50% used [0x00000000a0000000,0x00000000a3919560,0x00000000a7100000)
 Metaspace       used 87046K, capacity 90680K, committed 90880K, reserved 1128448K
  class space    used 11493K, capacity 12210K, committed 12288K, reserved 1048576K
Event: 437.051 GC heap after
Heap after GC invocations=21 (full 3):
 PSYoungGen      total 367616K, used 11702K [0x00000000e0000000, 0x00000000f9280000, 0x0000000100000000)
  eden space 335360K, 0% used [0x00000000e0000000,0x00000000e0000000,0x00000000f4780000)
  from space 32256K, 36% used [0x00000000f7300000,0x00000000f7e6dae0,0x00000000f9280000)
  to   space 38400K, 0% used [0x00000000f4780000,0x00000000f4780000,0x00000000f6d00000)
 ParOldGen       total 115712K, used 70942K [0x00000000a0000000, 0x00000000a7100000, 0x00000000e0000000)
  object space 115712K, 61% used [0x00000000a0000000,0x00000000a4547b38,0x00000000a7100000)
 Metaspace       used 87046K, capacity 90680K, committed 90880K, reserved 1128448K
  class space    used 11493K, capacity 12210K, committed 12288K, reserved 1048576K
}
Event: 1702.841 GC heap before
{Heap before GC invocations=22 (full 3):
 PSYoungGen      total 367616K, used 347062K [0x00000000e0000000, 0x00000000f9280000, 0x0000000100000000)
  eden space 335360K, 100% used [0x00000000e0000000,0x00000000f4780000,0x00000000f4780000)
  from space 32256K, 36% used [0x00000000f7300000,0x00000000f7e6dae0,0x00000000f9280000)
  to   space 38400K, 0% used [0x00000000f4780000,0x00000000f4780000,0x00000000f6d00000)
 ParOldGen       total 115712K, used 70942K [0x00000000a0000000, 0x00000000a7100000, 0x00000000e0000000)
  object space 115712K, 61% used [0x00000000a0000000,0x00000000a4547b38,0x00000000a7100000)
 Metaspace       used 88832K, capacity 92744K, committed 92928K, reserved 1130496K
  class space    used 11672K, capacity 12438K, committed 12544K, reserved 1048576K
Event: 1702.878 GC heap after
Heap after GC invocations=22 (full 3):
 PSYoungGen      total 373760K, used 30336K [0x00000000e0000000, 0x00000000fbb80000, 0x0000000100000000)
  eden space 335360K, 0% used [0x00000000e0000000,0x00000000e0000000,0x00000000f4780000)
  from space 38400K, 79% used [0x00000000f4780000,0x00000000f65203f0,0x00000000f6d00000)
  to   space 41472K, 0% used [0x00000000f9300000,0x00000000f9300000,0x00000000fbb80000)
 ParOldGen       total 115712K, used 70950K [0x00000000a0000000, 0x00000000a7100000, 0x00000000e0000000)
  object space 115712K, 61% used [0x00000000a0000000,0x00000000a4549b38,0x00000000a7100000)
 Metaspace       used 88832K, capacity 92744K, committed 92928K, reserved 1130496K
  class space    used 11672K, capacity 12438K, committed 12544K, reserved 1048576K
}
Event: 1762.408 GC heap before
{Heap before GC invocations=23 (full 3):
 PSYoungGen      total 373760K, used 365696K [0x00000000e0000000, 0x00000000fbb80000, 0x0000000100000000)
  eden space 335360K, 100% used [0x00000000e0000000,0x00000000f4780000,0x00000000f4780000)
  from space 38400K, 79% used [0x00000000f4780000,0x00000000f65203f0,0x00000000f6d00000)
  to   space 41472K, 0% used [0x00000000f9300000,0x00000000f9300000,0x00000000fbb80000)
 ParOldGen       total 115712K, used 70950K [0x00000000a0000000, 0x00000000a7100000, 0x00000000e0000000)
  object space 115712K, 61% used [0x00000000a0000000,0x00000000a4549b38,0x00000000a7100000)
 Metaspace       used 90969K, capacity 95072K, committed 95360K, reserved 1132544K
  class space    used 12013K, capacity 12814K, committed 12928K, reserved 1048576K
Event: 1762.430 GC heap after
Heap after GC invocations=23 (full 3):
 PSYoungGen      total 397312K, used 9142K [0x00000000e0000000, 0x00000000fb300000, 0x0000000100000000)
  eden space 364544K, 0% used [0x00000000e0000000,0x00000000e0000000,0x00000000f6400000)
  from space 32768K, 27% used [0x00000000f9300000,0x00000000f9bed9a0,0x00000000fb300000)
  to   space 40448K, 0% used [0x00000000f6400000,0x00000000f6400000,0x00000000f8b80000)
 ParOldGen       total 115712K, used 70958K [0x00000000a0000000, 0x00000000a7100000, 0x00000000e0000000)
  object space 115712K, 61% used [0x00000000a0000000,0x00000000a454bb38,0x00000000a7100000)
 Metaspace       used 90969K, capacity 95072K, committed 95360K, reserved 1132544K
  class space    used 12013K, capacity 12814K, committed 12928K, reserved 1048576K
}
Event: 1805.032 GC heap before
{Heap before GC invocations=24 (full 3):
 PSYoungGen      total 397312K, used 373686K [0x00000000e0000000, 0x00000000fb300000, 0x0000000100000000)
  eden space 364544K, 100% used [0x00000000e0000000,0x00000000f6400000,0x00000000f6400000)
  from space 32768K, 27% used [0x00000000f9300000,0x00000000f9bed9a0,0x00000000fb300000)
  to   space 40448K, 0% used [0x00000000f6400000,0x00000000f6400000,0x00000000f8b80000)
 ParOldGen       total 115712K, used 70958K [0x00000000a0000000, 0x00000000a7100000, 0x00000000e0000000)
  object space 115712K, 61% used [0x00000000a0000000,0x00000000a454bb38,0x00000000a7100000)
 Metaspace       used 91530K, capacity 95752K, committed 95872K, reserved 1132544K
  class space    used 12025K, capacity 12830K, committed 12928K, reserved 1048576K
Event: 1805.055 GC heap after
Heap after GC invocations=24 (full 3):
 PSYoungGen      total 364032K, used 13993K [0x00000000e0000000, 0x00000000fa080000, 0x0000000100000000)
  eden space 349696K, 0% used [0x00000000e0000000,0x00000000e0000000,0x00000000f5580000)
  from space 14336K, 97% used [0x00000000f6400000,0x00000000f71aa730,0x00000000f7200000)
  to   space 38400K, 0% used [0x00000000f7b00000,0x00000000f7b00000,0x00000000fa080000)
 ParOldGen       total 115712K, used 70966K [0x00000000a0000000, 0x00000000a7100000, 0x00000000e0000000)
  object space 115712K, 61% used [0x00000000a0000000,0x00000000a454db38,0x00000000a7100000)
 Metaspace       used 91530K, capacity 95752K, committed 95872K, reserved 1132544K
  class space    used 12025K, capacity 12830K, committed 12928K, reserved 1048576K
}

Deoptimization events (10 events):
Event: 1808.525 Thread 0x000000001e12f800 Uncommon trap: reason=unstable_if action=reinterpret pc=0x00000000065a9260 method=com.android.ide.common.blame.SourceFile.equals(Ljava/lang/Object;)Z @ 2
Event: 1808.527 Thread 0x000000001e12f800 Uncommon trap: reason=unstable_if action=reinterpret pc=0x0000000004a36e70 method=com.android.ide.common.blame.SourceFilePosition.equals(Ljava/lang/Object;)Z @ 2
Event: 1808.529 Thread 0x000000001e12f800 Uncommon trap: reason=class_check action=maybe_recompile pc=0x000000000546501c method=org.gradle.internal.logging.sink.OutputEventTransformer.onOutput(Lorg/gradle/internal/logging/events/OutputEvent;)V @ 371
Event: 1808.529 Thread 0x000000001e12f800 Uncommon trap: reason=class_check action=maybe_recompile pc=0x0000000005bdd930 method=org.gradle.internal.operations.logging.LoggingBuildOperationProgressBroadcaster.onOutput(Lorg/gradle/internal/logging/events/OutputEvent;)V @ 8
Event: 1808.530 Thread 0x000000001e12f800 Uncommon trap: reason=class_check action=maybe_recompile pc=0x0000000003ac6000 method=java.lang.Throwable.<init>(Ljava/lang/String;Ljava/lang/Throwable;)V @ 24
Event: 1808.530 Thread 0x000000001e12f800 Uncommon trap: reason=unstable_if action=reinterpret pc=0x00000000062a5428 method=org.gradle.internal.operations.DefaultBuildOperationExecutor$3.stop()V @ 61
Event: 1808.540 Thread 0x0000000020906800 Uncommon trap: reason=class_check action=maybe_recompile pc=0x0000000003ac6000 method=java.lang.Throwable.<init>(Ljava/lang/String;Ljava/lang/Throwable;)V @ 24
Event: 1808.544 Thread 0x0000000020906800 Uncommon trap: reason=unstable_if action=reinterpret pc=0x00000000062a5428 method=org.gradle.internal.operations.DefaultBuildOperationExecutor$3.stop()V @ 61
Event: 1808.546 Thread 0x0000000020906800 Uncommon trap: reason=class_check action=maybe_recompile pc=0x0000000005458c4c method=java.util.Formatter$FixedString.print(Ljava/lang/Object;Ljava/util/Locale;)V @ 11
Event: 1808.546 Thread 0x0000000020906800 Uncommon trap: reason=class_check action=maybe_recompile pc=0x0000000005458c4c method=java.util.Formatter$FixedString.print(Ljava/lang/Object;Ljava/util/Locale;)V @ 11

Classes redefined (0 events):
No events

Internal exceptions (10 events):
Event: 1793.244 Thread 0x0000000020906800 Implicit null exception at 0x0000000005de5c8d to 0x0000000005de65b5
Event: 1793.948 Thread 0x0000000020908000 Exception <a 'sun/nio/fs/WindowsException'> (0x00000000e65ae530) thrown at [C:\re\workspace\8-2-build-windows-amd64-cygwin\jdk8u211\12973\hotspot\src\share\vm\prims\jni.cpp, line 710]
Event: 1805.348 Thread 0x0000000020907000 Exception <a 'sun/nio/fs/WindowsException'> (0x00000000e144d670) thrown at [C:\re\workspace\8-2-build-windows-amd64-cygwin\jdk8u211\12973\hotspot\src\share\vm\prims\jni.cpp, line 710]
Event: 1806.443 Thread 0x000000002090e800 Exception <a 'sun/nio/fs/WindowsException'> (0x00000000e47bb780) thrown at [C:\re\workspace\8-2-build-windows-amd64-cygwin\jdk8u211\12973\hotspot\src\share\vm\prims\jni.cpp, line 710]
Event: 1806.543 Thread 0x000000001e138800 Implicit null exception at 0x00000000056105e0 to 0x00000000056166b1
Event: 1808.381 Thread 0x000000001e12f800 Exception <a 'sun/nio/fs/WindowsException'> (0x00000000e5c4dff8) thrown at [C:\re\workspace\8-2-build-windows-amd64-cygwin\jdk8u211\12973\hotspot\src\share\vm\prims\jni.cpp, line 710]
Event: 1808.381 Thread 0x000000001e12f800 Exception <a 'sun/nio/fs/WindowsException'> (0x00000000e5c4e6e8) thrown at [C:\re\workspace\8-2-build-windows-amd64-cygwin\jdk8u211\12973\hotspot\src\share\vm\prims\jni.cpp, line 710]
Event: 1808.525 Thread 0x000000001e12f800 Implicit null exception at 0x0000000004588b14 to 0x0000000004588c3c
Event: 1808.552 Thread 0x000000001e00a800 Exception <a 'java/lang/NoSuchMethodError': <clinit>> (0x00000000e1e44f70) thrown at [C:\re\workspace\8-2-build-windows-amd64-cygwin\jdk8u211\12973\hotspot\src\share\vm\prims\jni.cpp, line 1614]
Event: 1808.554 Thread 0x000000001e00a800 Exception <a 'java/lang/NoSuchMethodError': <clinit>> (0x00000000ed549d18) thrown at [C:\re\workspace\8-2-build-windows-amd64-cygwin\jdk8u211\12973\hotspot\src\share\vm\prims\jni.cpp, line 1614]

Events (10 events):
Event: 1808.550 Thread 0x0000000018be9000 flushing nmethod 0x00000000043f7250
Event: 1808.551 Thread 0x0000000018be9000 flushing nmethod 0x0000000004497b90
Event: 1808.551 Thread 0x0000000018be9000 flushing nmethod 0x00000000044a8210
Event: 1808.551 Thread 0x0000000018be9000 flushing nmethod 0x00000000044ce390
Event: 1808.551 Thread 0x0000000018be9000 flushing nmethod 0x000000000453cb90
Event: 1808.551 Thread 0x0000000018be9000 flushing nmethod 0x000000000457c110
Event: 1808.552 Thread 0x0000000018be9000 flushing nmethod 0x00000000046a4450
Event: 1808.553 loading class org/gradle/internal/execution/steps/CatchExceptionStep$1
Event: 1808.553 loading class org/gradle/internal/execution/steps/CatchExceptionStep$1 done
Event: 1808.553 Thread 0x0000000018be9000 flushing nmethod 0x00000000048d3d90


Dynamic libraries:
0x00007ff7243e0000 - 0x00007ff724417000 	C:\Program Files\Java\jdk1.8.0_211\bin\java.exe
0x00007ff914780000 - 0x00007ff914970000 	C:\WINDOWS\SYSTEM32\ntdll.dll
0x00007ff912d50000 - 0x00007ff912e02000 	C:\WINDOWS\System32\KERNEL32.DLL
0x00007ff912130000 - 0x00007ff9123d3000 	C:\WINDOWS\System32\KERNELBASE.dll
0x00007ff913550000 - 0x00007ff9135f3000 	C:\WINDOWS\System32\ADVAPI32.dll
0x00007ff9133c0000 - 0x00007ff91345e000 	C:\WINDOWS\System32\msvcrt.dll
0x00007ff914490000 - 0x00007ff914527000 	C:\WINDOWS\System32\sechost.dll
0x00007ff914570000 - 0x00007ff914690000 	C:\WINDOWS\System32\RPCRT4.dll
0x00007ff913040000 - 0x00007ff9131d4000 	C:\WINDOWS\System32\USER32.dll
0x00007ff912780000 - 0x00007ff9127a1000 	C:\WINDOWS\System32\win32u.dll
0x00007ff914530000 - 0x00007ff914556000 	C:\WINDOWS\System32\GDI32.dll
0x00007ff9117c0000 - 0x00007ff911954000 	C:\WINDOWS\System32\gdi32full.dll
0x00007ff9126e0000 - 0x00007ff91277e000 	C:\WINDOWS\System32\msvcp_win.dll
0x00007ff9125e0000 - 0x00007ff9126da000 	C:\WINDOWS\System32\ucrtbase.dll
0x00007ff903830000 - 0x00007ff903ab5000 	C:\WINDOWS\WinSxS\amd64_microsoft.windows.common-controls_6595b64144ccf1df_6.0.18362.476_none_e6c4b11b130f2595\COMCTL32.dll
0x00007ff912a10000 - 0x00007ff912d46000 	C:\WINDOWS\System32\combase.dll
0x00007ff9127b0000 - 0x00007ff912830000 	C:\WINDOWS\System32\bcryptPrimitives.dll
0x00007ff9129e0000 - 0x00007ff912a0e000 	C:\WINDOWS\System32\IMM32.DLL
0x000000005ae30000 - 0x000000005af02000 	C:\Program Files\Java\jdk1.8.0_211\jre\bin\msvcr100.dll
0x000000005a580000 - 0x000000005ae25000 	C:\Program Files\Java\jdk1.8.0_211\jre\bin\server\jvm.dll
0x00007ff914560000 - 0x00007ff914568000 	C:\WINDOWS\System32\PSAPI.DLL
0x00007ff8ff1d0000 - 0x00007ff8ff1d9000 	C:\WINDOWS\SYSTEM32\WSOCK32.dll
0x00007ff9134e0000 - 0x00007ff91354f000 	C:\WINDOWS\System32\WS2_32.dll
0x00007ff90bc00000 - 0x00007ff90bc24000 	C:\WINDOWS\SYSTEM32\WINMM.dll
0x00007ff90bb60000 - 0x00007ff90bb6a000 	C:\WINDOWS\SYSTEM32\VERSION.dll
0x00007ff90bbd0000 - 0x00007ff90bbfd000 	C:\WINDOWS\SYSTEM32\WINMMBASE.dll
0x00007ff912530000 - 0x00007ff91257a000 	C:\WINDOWS\System32\cfgmgr32.dll
0x00007ff90bb90000 - 0x00007ff90bb9f000 	C:\Program Files\Java\jdk1.8.0_211\jre\bin\verify.dll
0x00007ff8e7cc0000 - 0x00007ff8e7ce9000 	C:\Program Files\Java\jdk1.8.0_211\jre\bin\java.dll
0x00007ff90b4c0000 - 0x00007ff90b4d6000 	C:\Program Files\Java\jdk1.8.0_211\jre\bin\zip.dll
0x00007ff913d30000 - 0x00007ff914415000 	C:\WINDOWS\System32\SHELL32.dll
0x00007ff9132b0000 - 0x00007ff913359000 	C:\WINDOWS\System32\shcore.dll
0x00007ff911980000 - 0x00007ff9120fe000 	C:\WINDOWS\System32\windows.storage.dll
0x00007ff9116f0000 - 0x00007ff91170f000 	C:\WINDOWS\System32\profapi.dll
0x00007ff911660000 - 0x00007ff9116aa000 	C:\WINDOWS\System32\powrprof.dll
0x00007ff911650000 - 0x00007ff911660000 	C:\WINDOWS\System32\UMPDC.dll
0x00007ff913360000 - 0x00007ff9133b2000 	C:\WINDOWS\System32\shlwapi.dll
0x00007ff9116b0000 - 0x00007ff9116c1000 	C:\WINDOWS\System32\kernel.appcore.dll
0x00007ff911960000 - 0x00007ff911977000 	C:\WINDOWS\System32\cryptsp.dll
0x00007ff8eabe0000 - 0x00007ff8eabfa000 	C:\Program Files\Java\jdk1.8.0_211\jre\bin\net.dll
0x00007ff902ea0000 - 0x00007ff903076000 	C:\WINDOWS\SYSTEM32\urlmon.dll
0x00007ff902bf0000 - 0x00007ff902e96000 	C:\WINDOWS\SYSTEM32\iertutil.dll
0x00007ff911090000 - 0x00007ff91109c000 	C:\WINDOWS\SYSTEM32\CRYPTBASE.DLL
0x00007ff910ec0000 - 0x00007ff910f27000 	C:\WINDOWS\system32\mswsock.dll
0x00007ff8e78d0000 - 0x00007ff8e78e2000 	C:\Program Files\Java\jdk1.8.0_211\jre\bin\nio.dll
0x00007ff8e7ee0000 - 0x00007ff8e7f06000 	C:\Users\tjdrm\.gradle\native\29\windows-amd64\native-platform.dll
0x00007ff9015f0000 - 0x00007ff9015fd000 	C:\Program Files\Java\jdk1.8.0_211\jre\bin\management.dll
0x00007ff910a30000 - 0x00007ff910a63000 	C:\WINDOWS\system32\rsaenh.dll
0x00007ff912100000 - 0x00007ff912126000 	C:\WINDOWS\System32\bcrypt.dll
0x00007ff911570000 - 0x00007ff911595000 	C:\WINDOWS\SYSTEM32\USERENV.dll
0x00007ff910bd0000 - 0x00007ff910c0a000 	C:\WINDOWS\SYSTEM32\IPHLPAPI.DLL
0x00007ff913030000 - 0x00007ff913038000 	C:\WINDOWS\System32\NSI.dll
0x00007ff9026c0000 - 0x00007ff9026d6000 	C:\WINDOWS\SYSTEM32\dhcpcsvc6.DLL
0x00007ff9026a0000 - 0x00007ff9026bc000 	C:\WINDOWS\SYSTEM32\dhcpcsvc.DLL
0x00007ff910c10000 - 0x00007ff910cda000 	C:\WINDOWS\SYSTEM32\DNSAPI.dll
0x00007ff8dacf0000 - 0x00007ff8dae89000 	C:\Program Files\Java\jdk1.8.0_211\jre\bin\awt.dll
0x00007ff9131e0000 - 0x00007ff9132a4000 	C:\WINDOWS\System32\OLEAUT32.dll
0x00007ff90edc0000 - 0x00007ff90ee4f000 	C:\WINDOWS\SYSTEM32\apphelp.dll
0x00007ff90fc10000 - 0x00007ff90fc3d000 	C:\WINDOWS\system32\DWMAPI.DLL
0x00007ff90eeb0000 - 0x00007ff90ef49000 	C:\WINDOWS\system32\uxtheme.dll
0x00007ff8ee300000 - 0x00007ff8ee32a000 	C:\Program Files\Java\jdk1.8.0_211\jre\bin\dcpr.dll

VM Arguments:
jvm_args: -Xmx1536m -Dfile.encoding=x-windows-949 -Duser.country=KR -Duser.language=ko -Duser.variant 
java_command: org.gradle.launcher.daemon.bootstrap.GradleDaemon 5.4.1
java_class_path (initial): C:\Users\tjdrm\.gradle\wrapper\dists\gradle-5.4.1-all\3221gyojl5jsh0helicew7rwx\gradle-5.4.1\lib\gradle-launcher-5.4.1.jar
Launcher Type: SUN_STANDARD

Environment Variables:
JAVA_HOME=C:\Program Files\Java\jdk1.8.0_211
PATH=C:\Program Files (x86)\Common Files\Oracle\Java\javapath;C:\Program Files (x86)\Intel\iCLS Client\;C:\Program Files\Intel\iCLS Client\;C:\windows\system32;C:\windows;C:\windows\System32\Wbem;C:\windows\System32\WindowsPowerShell\v1.0\;C:\Program Files (x86)\NVIDIA Corporation\PhysX\Common;C:\Program Files (x86)\Intel\Intel(R) Management Engine Components\DAL;C:\Program Files\Intel\Intel(R) Management Engine Components\DAL;C:\Program Files (x86)\Intel\Intel(R) Management Engine Components\IPT;C:\Program Files\Intel\Intel(R) Management Engine Components\IPT;C:\Program Files\Intel\WiFi\bin\;C:\Program Files\Common Files\Intel\WirelessCommon\;C:\WINDOWS\system32;C:\WINDOWS;C:\WINDOWS\System32\Wbem;C:\WINDOWS\System32\WindowsPowerShell\v1.0\;C:\WINDOWS\System32\OpenSSH\;C:\Program Files\dotnet\;C:\Program Files\Java\jdk-11.0.2\Bin;C:\Program Files\NVIDIA Corporation\NVIDIA NvDLISR;C:\WINDOWS\system32;C:\WINDOWS;C:\WINDOWS\System32\Wbem;C:\WINDOWS\System32\WindowsPowerShell\v1.0\;C:\WINDOWS\System32\OpenSSH\;C:\Program Files\nodejs\;C:\Program Files\Android\Android Studio\jre\bin;C:\Program Files\MySQL\MySQL Shell 8.0\bin\;C:\Users\tjdrm\AppData\Local\Microsoft\WindowsApps;C:\Users\tjdrm\AppData\Roaming\npm
USERNAME=tjdrm
OS=Windows_NT
PROCESSOR_IDENTIFIER=Intel64 Family 6 Model 142 Stepping 10, GenuineIntel



---------------  S Y S T E M  ---------------

OS: Windows 10.0 , 64 bit Build 18362 (10.0.18362.329)

CPU:total 8 (initial active 8) (4 cores per cpu, 2 threads per core) family 6 model 142 stepping 10, cmov, cx8, fxsr, mmx, sse, sse2, sse3, ssse3, sse4.1, sse4.2, popcnt, avx, avx2, aes, clmul, erms, 3dnowpref, lzcnt, ht, tsc, tscinvbit, bmi1, bmi2, adx

Memory: 4k page, physical 8298552k(492780k free), swap 12394552k(2736k free)

vm_info: Java HotSpot(TM) 64-Bit Server VM (25.211-b12) for windows-amd64 JRE (1.8.0_211-b12), built on Apr  1 2019 20:53:26 by "java_re" with MS VC++ 10.0 (VS2010)

time: Sun Dec 01 00:01:28 2019
timezone: 대한민국 표준시
elapsed time: 1808 seconds (0d 0h 30m 8s)

